<?xml version="1.0" encoding="UTF-8"?>
<!-- Generated by org.testng.reporters.JUnitReportReporter -->
<testsuite hostname="DESKTOP-0V3QR0S" failures="0" tests="1" name="TestNg2" time="0.000" errors="0" timestamp="14 апр. 2021 09:52:00 GMT" skipped="1">
  <testcase classname="TestNg2" name="test1" time="0.000">
    <skipped/>
  </testcase> <!-- test1 -->
</testsuite> <!-- TestNg2 -->
