<?xml version="1.0" encoding="UTF-8"?>
<!-- Generated by org.testng.reporters.JUnitReportReporter -->
<testsuite hostname="DESKTOP-0V3QR0S" failures="0" tests="3" name="TestNg3" time="0.000" errors="0" timestamp="14 апр. 2021 09:52:00 GMT" skipped="3">
  <testcase classname="TestNg3" name="test3" time="0.000">
    <skipped/>
  </testcase> <!-- test3 -->
  <testcase classname="TestNg3" name="test1" time="0.000">
    <skipped/>
  </testcase> <!-- test1 -->
  <testcase classname="TestNg3" name="test2" time="0.000">
    <skipped/>
  </testcase> <!-- test2 -->
</testsuite> <!-- TestNg3 -->
