<?xml version="1.0" encoding="UTF-8"?>
<!-- Generated by org.testng.reporters.JUnitReportReporter -->
<testsuite hostname="DESKTOP-0V3QR0S" failures="0" tests="10" name="Testng4" time="0.000" errors="0" timestamp="14 апр. 2021 09:52:00 GMT" skipped="10">
  <testcase classname="Testng4" name="test1" time="0.000">
    <skipped/>
  </testcase> <!-- test1 -->
  <testcase classname="Testng4" name="test5" time="0.000">
    <skipped/>
  </testcase> <!-- test5 -->
  <testcase classname="Testng4" name="test6" time="0.000">
    <skipped/>
  </testcase> <!-- test6 -->
  <testcase classname="Testng4" name="test8" time="0.000">
    <skipped/>
  </testcase> <!-- test8 -->
  <testcase classname="Testng4" name="test9" time="0.000">
    <skipped/>
  </testcase> <!-- test9 -->
  <testcase classname="Testng4" name="test2" time="0.000">
    <skipped/>
  </testcase> <!-- test2 -->
  <testcase classname="Testng4" name="test10" time="0.000">
    <skipped/>
  </testcase> <!-- test10 -->
  <testcase classname="Testng4" name="test7" time="0.000">
    <skipped/>
  </testcase> <!-- test7 -->
  <testcase classname="Testng4" name="test3" time="0.000">
    <skipped/>
  </testcase> <!-- test3 -->
  <testcase classname="Testng4" name="test4" time="0.000">
    <skipped/>
  </testcase> <!-- test4 -->
</testsuite> <!-- Testng4 -->
