<?xml version="1.0" encoding="UTF-8"?>
<!-- Generated by org.testng.reporters.JUnitReportReporter -->
<testsuite hostname="DESKTOP-0V3QR0S" failures="0" tests="1" name="seldocker.GridTest" time="0.064" errors="0" timestamp="2021-04-15T11:42:52 IRKT" skipped="0">
  <testcase classname="seldocker.GridTest" name="getTitle" time="0.064"/>
  <system-out/>
</testsuite> <!-- seldocker.GridTest -->
